<?xml version="1.0" encoding="UTF-8"?>
<!-- Generated by org.testng.reporters.JUnitReportReporter -->
<testsuite skipped="0" hostname="MTYTM18201HZD" name="testing.disney.AppTest" tests="1" failures="0" timestamp="26 Jun 2018 17:53:20 GMT" time="0.005" errors="0">
  <testcase name="testApp" time="0.005" classname="testing.disney.AppTest"/>
</testsuite> <!-- testing.disney.AppTest -->
