<?xml version="1.0" encoding="UTF-8"?>
<!-- Generated by org.testng.reporters.JUnitReportReporter -->
<testsuite hostname="MTYTM17274JQZ" name="com.projectname.scripts.SimpleTest1" tests="2" failures="0" timestamp="15 Sep 2017 20:21:31 GMT" time="28.972" errors="0">
  <testcase name="scenario1" time="5.578" classname="com.projectname.scripts.SimpleTest1"/>
  <testcase name="scenario2" time="23.394" classname="com.projectname.scripts.SimpleTest1"/>
</testsuite> <!-- com.projectname.scripts.SimpleTest1 -->
